<?xml version="1.0" encoding="UTF-8"?>
<TestRun id="11111111-1111-1111-1111-111111111111" name="fixture" xmlns="http://microsoft.com/schemas/VisualStudio/TeamTest/2010">
  <Results>
    <UnitTestResult testId="a1" testName="Fixture.Namespace.SomeTests.PassingTest" outcome="Passed" />
    <UnitTestResult testId="a2" testName="Fixture.Namespace.SomeTests.FailingTest" outcome="Failed" />
    <UnitTestResult testId="a3" testName="Fixture.Namespace.SomeTests.NotExecutedTest" outcome="NotExecuted" />
  </Results>
</TestRun>
